<?xml version="1.0" encoding="UTF-8"?>
<!-- Generated by org.testng.reporters.JUnitReportReporter -->
<testsuite skipped="0" hostname="Jaspreet-VAIO" name="AlertHandling.Alert_Handle" tests="1" failures="0" timestamp="24 Aug 2019 04:03:21 GMT" time="16.096" errors="0">
  <testcase name="Blaunch" time="16.096" classname="AlertHandling.Alert_Handle"/>
</testsuite> <!-- AlertHandling.Alert_Handle -->
