<?xml version="1.0" encoding="UTF-8"?>
<!-- Generated by org.testng.reporters.JUnitReportReporter -->
<testsuite skipped="0" hostname="Jaspreet-VAIO" name="ScreenShotdemo" tests="1" failures="0" timestamp="24 Aug 2019 02:00:45 GMT" time="32.369" errors="0">
  <testcase name="SsCode" time="32.369" classname="ScreenShotdemo"/>
</testsuite> <!-- ScreenShotdemo -->
